<?xml version="1.0" encoding="UTF-8"?>
<testsuite xmlns:xsi="http://www.w3.org/2001/XMLSchema-instance" xsi:noNamespaceSchemaLocation="https://maven.apache.org/surefire/maven-surefire-plugin/xsd/surefire-test-report-3.0.xsd" version="3.0" name="TestSuite" time="7.549" tests="4" errors="0" skipped="0" failures="0">
  <properties>
    <property name="java.specification.version" value="21"/>
    <property name="sun.cpu.isalist" value="amd64"/>
    <property name="sun.jnu.encoding" value="Cp1252"/>
    <property name="java.class.path" value="C:\Users\Elisetty Ravi Sankar\RestAssuredTraining\PetStoreAutomation\target\test-classes;C:\Users\Elisetty Ravi Sankar\RestAssuredTraining\PetStoreAutomation\target\classes;C:\Users\Elisetty Ravi Sankar\.m2\repository\io\rest-assured\rest-assured\5.4.0\rest-assured-5.4.0.jar;C:\Users\Elisetty Ravi Sankar\.m2\repository\org\apache\groovy\groovy\4.0.16\groovy-4.0.16.jar;C:\Users\Elisetty Ravi Sankar\.m2\repository\org\apache\groovy\groovy-xml\4.0.16\groovy-xml-4.0.16.jar;C:\Users\Elisetty Ravi Sankar\.m2\repository\org\apache\httpcomponents\httpclient\4.5.13\httpclient-4.5.13.jar;C:\Users\Elisetty Ravi Sankar\.m2\repository\org\apache\httpcomponents\httpcore\4.4.13\httpcore-4.4.13.jar;C:\Users\Elisetty Ravi Sankar\.m2\repository\commons-logging\commons-logging\1.2\commons-logging-1.2.jar;C:\Users\Elisetty Ravi Sankar\.m2\repository\org\apache\httpcomponents\httpmime\4.5.13\httpmime-4.5.13.jar;C:\Users\Elisetty Ravi Sankar\.m2\repository\org\hamcrest\hamcrest\2.2\hamcrest-2.2.jar;C:\Users\Elisetty Ravi Sankar\.m2\repository\org\ccil\cowan\tagsoup\tagsoup\1.2.1\tagsoup-1.2.1.jar;C:\Users\Elisetty Ravi Sankar\.m2\repository\io\rest-assured\xml-path\5.4.0\xml-path-5.4.0.jar;C:\Users\Elisetty Ravi Sankar\.m2\repository\io\rest-assured\json-path\5.4.0\json-path-5.4.0.jar;C:\Users\Elisetty Ravi Sankar\.m2\repository\org\apache\groovy\groovy-json\4.0.16\groovy-json-4.0.16.jar;C:\Users\Elisetty Ravi Sankar\.m2\repository\io\rest-assured\rest-assured-common\5.4.0\rest-assured-common-5.4.0.jar;C:\Users\Elisetty Ravi Sankar\.m2\repository\org\testng\testng\7.9.0\testng-7.9.0.jar;C:\Users\Elisetty Ravi Sankar\.m2\repository\org\slf4j\slf4j-api\1.7.36\slf4j-api-1.7.36.jar;C:\Users\Elisetty Ravi Sankar\.m2\repository\com\beust\jcommander\1.82\jcommander-1.82.jar;C:\Users\Elisetty Ravi Sankar\.m2\repository\org\webjars\jquery\3.7.1\jquery-3.7.1.jar;C:\Users\Elisetty Ravi Sankar\.m2\repository\io\rest-assured\json-schema-validator\5.4.0\json-schema-validator-5.4.0.jar;C:\Users\Elisetty Ravi Sankar\.m2\repository\com\github\java-json-tools\json-schema-validator\2.2.14\json-schema-validator-2.2.14.jar;C:\Users\Elisetty Ravi Sankar\.m2\repository\com\github\java-json-tools\jackson-coreutils-equivalence\1.0\jackson-coreutils-equivalence-1.0.jar;C:\Users\Elisetty Ravi Sankar\.m2\repository\com\github\java-json-tools\jackson-coreutils\2.0\jackson-coreutils-2.0.jar;C:\Users\Elisetty Ravi Sankar\.m2\repository\com\github\java-json-tools\msg-simple\1.2\msg-simple-1.2.jar;C:\Users\Elisetty Ravi Sankar\.m2\repository\com\github\java-json-tools\btf\1.3\btf-1.3.jar;C:\Users\Elisetty Ravi Sankar\.m2\repository\com\github\java-json-tools\json-schema-core\1.2.14\json-schema-core-1.2.14.jar;C:\Users\Elisetty Ravi Sankar\.m2\repository\com\github\java-json-tools\uri-template\0.10\uri-template-0.10.jar;C:\Users\Elisetty Ravi Sankar\.m2\repository\org\mozilla\rhino\1.7.7.2\rhino-1.7.7.2.jar;C:\Users\Elisetty Ravi Sankar\.m2\repository\com\sun\mail\mailapi\1.6.2\mailapi-1.6.2.jar;C:\Users\Elisetty Ravi Sankar\.m2\repository\joda-time\joda-time\2.10.5\joda-time-2.10.5.jar;C:\Users\Elisetty Ravi Sankar\.m2\repository\com\googlecode\libphonenumber\libphonenumber\8.11.1\libphonenumber-8.11.1.jar;C:\Users\Elisetty Ravi Sankar\.m2\repository\com\google\code\findbugs\jsr305\3.0.2\jsr305-3.0.2.jar;C:\Users\Elisetty Ravi Sankar\.m2\repository\net\sf\jopt-simple\jopt-simple\5.0.4\jopt-simple-5.0.4.jar;C:\Users\Elisetty Ravi Sankar\.m2\repository\com\google\guava\guava\32.0.1-jre\guava-32.0.1-jre.jar;C:\Users\Elisetty Ravi Sankar\.m2\repository\com\google\guava\failureaccess\1.0.1\failureaccess-1.0.1.jar;C:\Users\Elisetty Ravi Sankar\.m2\repository\com\google\guava\listenablefuture\9999.0-empty-to-avoid-conflict-with-guava\listenablefuture-9999.0-empty-to-avoid-conflict-with-guava.jar;C:\Users\Elisetty Ravi Sankar\.m2\repository\org\checkerframework\checker-qual\3.33.0\checker-qual-3.33.0.jar;C:\Users\Elisetty Ravi Sankar\.m2\repository\com\google\errorprone\error_prone_annotations\2.18.0\error_prone_annotations-2.18.0.jar;C:\Users\Elisetty Ravi Sankar\.m2\repository\com\google\j2objc\j2objc-annotations\2.8\j2objc-annotations-2.8.jar;C:\Users\Elisetty Ravi Sankar\.m2\repository\com\github\scribejava\scribejava-apis\8.3.3\scribejava-apis-8.3.3.jar;C:\Users\Elisetty Ravi Sankar\.m2\repository\com\github\scribejava\scribejava-core\8.3.3\scribejava-core-8.3.3.jar;C:\Users\Elisetty Ravi Sankar\.m2\repository\com\github\scribejava\scribejava-java8\8.3.3\scribejava-java8-8.3.3.jar;C:\Users\Elisetty Ravi Sankar\.m2\repository\com\fasterxml\jackson\core\jackson-databind\2.14.0\jackson-databind-2.14.0.jar;C:\Users\Elisetty Ravi Sankar\.m2\repository\com\fasterxml\jackson\core\jackson-annotations\2.14.0\jackson-annotations-2.14.0.jar;C:\Users\Elisetty Ravi Sankar\.m2\repository\com\fasterxml\jackson\core\jackson-core\2.14.0\jackson-core-2.14.0.jar;C:\Users\Elisetty Ravi Sankar\.m2\repository\org\json\json\20231013\json-20231013.jar;C:\Users\Elisetty Ravi Sankar\.m2\repository\com\google\code\gson\gson\2.10.1\gson-2.10.1.jar;C:\Users\Elisetty Ravi Sankar\.m2\repository\xml-apis\xml-apis\1.0.b2\xml-apis-1.0.b2.jar;C:\Users\Elisetty Ravi Sankar\.m2\repository\com\github\javafaker\javafaker\1.0.2\javafaker-1.0.2.jar;C:\Users\Elisetty Ravi Sankar\.m2\repository\org\apache\commons\commons-lang3\3.5\commons-lang3-3.5.jar;C:\Users\Elisetty Ravi Sankar\.m2\repository\org\yaml\snakeyaml\1.23\snakeyaml-1.23-android.jar;C:\Users\Elisetty Ravi Sankar\.m2\repository\com\github\mifmif\generex\1.0.2\generex-1.0.2.jar;C:\Users\Elisetty Ravi Sankar\.m2\repository\dk\brics\automaton\automaton\1.11-8\automaton-1.11-8.jar;C:\Users\Elisetty Ravi Sankar\.m2\repository\com\aventstack\extentreports\5.1.1\extentreports-5.1.1.jar;C:\Users\Elisetty Ravi Sankar\.m2\repository\io\reactivex\rxjava3\rxjava\3.1.6\rxjava-3.1.6.jar;C:\Users\Elisetty Ravi Sankar\.m2\repository\org\reactivestreams\reactive-streams\1.0.4\reactive-streams-1.0.4.jar;C:\Users\Elisetty Ravi Sankar\.m2\repository\org\freemarker\freemarker\2.3.32\freemarker-2.3.32.jar;C:\Users\Elisetty Ravi Sankar\.m2\repository\org\projectlombok\lombok\1.18.26\lombok-1.18.26.jar;C:\Users\Elisetty Ravi Sankar\.m2\repository\org\apache\poi\poi\5.2.5\poi-5.2.5.jar;C:\Users\Elisetty Ravi Sankar\.m2\repository\commons-codec\commons-codec\1.16.0\commons-codec-1.16.0.jar;C:\Users\Elisetty Ravi Sankar\.m2\repository\org\apache\commons\commons-collections4\4.4\commons-collections4-4.4.jar;C:\Users\Elisetty Ravi Sankar\.m2\repository\org\apache\commons\commons-math3\3.6.1\commons-math3-3.6.1.jar;C:\Users\Elisetty Ravi Sankar\.m2\repository\commons-io\commons-io\2.15.0\commons-io-2.15.0.jar;C:\Users\Elisetty Ravi Sankar\.m2\repository\com\zaxxer\SparseBitSet\1.3\SparseBitSet-1.3.jar;C:\Users\Elisetty Ravi Sankar\.m2\repository\org\apache\poi\poi-ooxml\5.2.5\poi-ooxml-5.2.5.jar;C:\Users\Elisetty Ravi Sankar\.m2\repository\org\apache\poi\poi-ooxml-lite\5.2.5\poi-ooxml-lite-5.2.5.jar;C:\Users\Elisetty Ravi Sankar\.m2\repository\org\apache\xmlbeans\xmlbeans\5.2.0\xmlbeans-5.2.0.jar;C:\Users\Elisetty Ravi Sankar\.m2\repository\org\apache\commons\commons-compress\1.25.0\commons-compress-1.25.0.jar;C:\Users\Elisetty Ravi Sankar\.m2\repository\com\github\virtuald\curvesapi\1.08\curvesapi-1.08.jar;C:\Users\Elisetty Ravi Sankar\.m2\repository\org\apache\logging\log4j\log4j-api\2.22.1\log4j-api-2.22.1.jar;C:\Users\Elisetty Ravi Sankar\.m2\repository\org\apache\logging\log4j\log4j-core\2.22.1\log4j-core-2.22.1.jar;"/>
    <property name="java.vm.vendor" value="Oracle Corporation"/>
    <property name="sun.arch.data.model" value="64"/>
    <property name="user.variant" value=""/>
    <property name="java.vendor.url" value="https://java.oracle.com/"/>
    <property name="user.timezone" value="Asia/Calcutta"/>
    <property name="os.name" value="Windows 11"/>
    <property name="java.vm.specification.version" value="21"/>
    <property name="sun.java.launcher" value="SUN_STANDARD"/>
    <property name="user.country" value="IN"/>
    <property name="sun.boot.library.path" value="C:\Program Files\jdk-21.0.2\bin"/>
    <property name="sun.java.command" value="C:\Users\Elisetty Ravi Sankar\AppData\Local\Temp\surefire1205286802397130181\surefirebooter-20240202145733037_3.jar C:\Users\Elisetty Ravi Sankar\AppData\Local\Temp\surefire1205286802397130181 2024-02-02T14-57-32_882-jvmRun1 surefire-20240202145733037_1tmp surefire_0-20240202145733037_2tmp"/>
    <property name="jdk.debug" value="release"/>
    <property name="surefire.test.class.path" value="C:\Users\Elisetty Ravi Sankar\RestAssuredTraining\PetStoreAutomation\target\test-classes;C:\Users\Elisetty Ravi Sankar\RestAssuredTraining\PetStoreAutomation\target\classes;C:\Users\Elisetty Ravi Sankar\.m2\repository\io\rest-assured\rest-assured\5.4.0\rest-assured-5.4.0.jar;C:\Users\Elisetty Ravi Sankar\.m2\repository\org\apache\groovy\groovy\4.0.16\groovy-4.0.16.jar;C:\Users\Elisetty Ravi Sankar\.m2\repository\org\apache\groovy\groovy-xml\4.0.16\groovy-xml-4.0.16.jar;C:\Users\Elisetty Ravi Sankar\.m2\repository\org\apache\httpcomponents\httpclient\4.5.13\httpclient-4.5.13.jar;C:\Users\Elisetty Ravi Sankar\.m2\repository\org\apache\httpcomponents\httpcore\4.4.13\httpcore-4.4.13.jar;C:\Users\Elisetty Ravi Sankar\.m2\repository\commons-logging\commons-logging\1.2\commons-logging-1.2.jar;C:\Users\Elisetty Ravi Sankar\.m2\repository\org\apache\httpcomponents\httpmime\4.5.13\httpmime-4.5.13.jar;C:\Users\Elisetty Ravi Sankar\.m2\repository\org\hamcrest\hamcrest\2.2\hamcrest-2.2.jar;C:\Users\Elisetty Ravi Sankar\.m2\repository\org\ccil\cowan\tagsoup\tagsoup\1.2.1\tagsoup-1.2.1.jar;C:\Users\Elisetty Ravi Sankar\.m2\repository\io\rest-assured\xml-path\5.4.0\xml-path-5.4.0.jar;C:\Users\Elisetty Ravi Sankar\.m2\repository\io\rest-assured\json-path\5.4.0\json-path-5.4.0.jar;C:\Users\Elisetty Ravi Sankar\.m2\repository\org\apache\groovy\groovy-json\4.0.16\groovy-json-4.0.16.jar;C:\Users\Elisetty Ravi Sankar\.m2\repository\io\rest-assured\rest-assured-common\5.4.0\rest-assured-common-5.4.0.jar;C:\Users\Elisetty Ravi Sankar\.m2\repository\org\testng\testng\7.9.0\testng-7.9.0.jar;C:\Users\Elisetty Ravi Sankar\.m2\repository\org\slf4j\slf4j-api\1.7.36\slf4j-api-1.7.36.jar;C:\Users\Elisetty Ravi Sankar\.m2\repository\com\beust\jcommander\1.82\jcommander-1.82.jar;C:\Users\Elisetty Ravi Sankar\.m2\repository\org\webjars\jquery\3.7.1\jquery-3.7.1.jar;C:\Users\Elisetty Ravi Sankar\.m2\repository\io\rest-assured\json-schema-validator\5.4.0\json-schema-validator-5.4.0.jar;C:\Users\Elisetty Ravi Sankar\.m2\repository\com\github\java-json-tools\json-schema-validator\2.2.14\json-schema-validator-2.2.14.jar;C:\Users\Elisetty Ravi Sankar\.m2\repository\com\github\java-json-tools\jackson-coreutils-equivalence\1.0\jackson-coreutils-equivalence-1.0.jar;C:\Users\Elisetty Ravi Sankar\.m2\repository\com\github\java-json-tools\jackson-coreutils\2.0\jackson-coreutils-2.0.jar;C:\Users\Elisetty Ravi Sankar\.m2\repository\com\github\java-json-tools\msg-simple\1.2\msg-simple-1.2.jar;C:\Users\Elisetty Ravi Sankar\.m2\repository\com\github\java-json-tools\btf\1.3\btf-1.3.jar;C:\Users\Elisetty Ravi Sankar\.m2\repository\com\github\java-json-tools\json-schema-core\1.2.14\json-schema-core-1.2.14.jar;C:\Users\Elisetty Ravi Sankar\.m2\repository\com\github\java-json-tools\uri-template\0.10\uri-template-0.10.jar;C:\Users\Elisetty Ravi Sankar\.m2\repository\org\mozilla\rhino\1.7.7.2\rhino-1.7.7.2.jar;C:\Users\Elisetty Ravi Sankar\.m2\repository\com\sun\mail\mailapi\1.6.2\mailapi-1.6.2.jar;C:\Users\Elisetty Ravi Sankar\.m2\repository\joda-time\joda-time\2.10.5\joda-time-2.10.5.jar;C:\Users\Elisetty Ravi Sankar\.m2\repository\com\googlecode\libphonenumber\libphonenumber\8.11.1\libphonenumber-8.11.1.jar;C:\Users\Elisetty Ravi Sankar\.m2\repository\com\google\code\findbugs\jsr305\3.0.2\jsr305-3.0.2.jar;C:\Users\Elisetty Ravi Sankar\.m2\repository\net\sf\jopt-simple\jopt-simple\5.0.4\jopt-simple-5.0.4.jar;C:\Users\Elisetty Ravi Sankar\.m2\repository\com\google\guava\guava\32.0.1-jre\guava-32.0.1-jre.jar;C:\Users\Elisetty Ravi Sankar\.m2\repository\com\google\guava\failureaccess\1.0.1\failureaccess-1.0.1.jar;C:\Users\Elisetty Ravi Sankar\.m2\repository\com\google\guava\listenablefuture\9999.0-empty-to-avoid-conflict-with-guava\listenablefuture-9999.0-empty-to-avoid-conflict-with-guava.jar;C:\Users\Elisetty Ravi Sankar\.m2\repository\org\checkerframework\checker-qual\3.33.0\checker-qual-3.33.0.jar;C:\Users\Elisetty Ravi Sankar\.m2\repository\com\google\errorprone\error_prone_annotations\2.18.0\error_prone_annotations-2.18.0.jar;C:\Users\Elisetty Ravi Sankar\.m2\repository\com\google\j2objc\j2objc-annotations\2.8\j2objc-annotations-2.8.jar;C:\Users\Elisetty Ravi Sankar\.m2\repository\com\github\scribejava\scribejava-apis\8.3.3\scribejava-apis-8.3.3.jar;C:\Users\Elisetty Ravi Sankar\.m2\repository\com\github\scribejava\scribejava-core\8.3.3\scribejava-core-8.3.3.jar;C:\Users\Elisetty Ravi Sankar\.m2\repository\com\github\scribejava\scribejava-java8\8.3.3\scribejava-java8-8.3.3.jar;C:\Users\Elisetty Ravi Sankar\.m2\repository\com\fasterxml\jackson\core\jackson-databind\2.14.0\jackson-databind-2.14.0.jar;C:\Users\Elisetty Ravi Sankar\.m2\repository\com\fasterxml\jackson\core\jackson-annotations\2.14.0\jackson-annotations-2.14.0.jar;C:\Users\Elisetty Ravi Sankar\.m2\repository\com\fasterxml\jackson\core\jackson-core\2.14.0\jackson-core-2.14.0.jar;C:\Users\Elisetty Ravi Sankar\.m2\repository\org\json\json\20231013\json-20231013.jar;C:\Users\Elisetty Ravi Sankar\.m2\repository\com\google\code\gson\gson\2.10.1\gson-2.10.1.jar;C:\Users\Elisetty Ravi Sankar\.m2\repository\xml-apis\xml-apis\1.0.b2\xml-apis-1.0.b2.jar;C:\Users\Elisetty Ravi Sankar\.m2\repository\com\github\javafaker\javafaker\1.0.2\javafaker-1.0.2.jar;C:\Users\Elisetty Ravi Sankar\.m2\repository\org\apache\commons\commons-lang3\3.5\commons-lang3-3.5.jar;C:\Users\Elisetty Ravi Sankar\.m2\repository\org\yaml\snakeyaml\1.23\snakeyaml-1.23-android.jar;C:\Users\Elisetty Ravi Sankar\.m2\repository\com\github\mifmif\generex\1.0.2\generex-1.0.2.jar;C:\Users\Elisetty Ravi Sankar\.m2\repository\dk\brics\automaton\automaton\1.11-8\automaton-1.11-8.jar;C:\Users\Elisetty Ravi Sankar\.m2\repository\com\aventstack\extentreports\5.1.1\extentreports-5.1.1.jar;C:\Users\Elisetty Ravi Sankar\.m2\repository\io\reactivex\rxjava3\rxjava\3.1.6\rxjava-3.1.6.jar;C:\Users\Elisetty Ravi Sankar\.m2\repository\org\reactivestreams\reactive-streams\1.0.4\reactive-streams-1.0.4.jar;C:\Users\Elisetty Ravi Sankar\.m2\repository\org\freemarker\freemarker\2.3.32\freemarker-2.3.32.jar;C:\Users\Elisetty Ravi Sankar\.m2\repository\org\projectlombok\lombok\1.18.26\lombok-1.18.26.jar;C:\Users\Elisetty Ravi Sankar\.m2\repository\org\apache\poi\poi\5.2.5\poi-5.2.5.jar;C:\Users\Elisetty Ravi Sankar\.m2\repository\commons-codec\commons-codec\1.16.0\commons-codec-1.16.0.jar;C:\Users\Elisetty Ravi Sankar\.m2\repository\org\apache\commons\commons-collections4\4.4\commons-collections4-4.4.jar;C:\Users\Elisetty Ravi Sankar\.m2\repository\org\apache\commons\commons-math3\3.6.1\commons-math3-3.6.1.jar;C:\Users\Elisetty Ravi Sankar\.m2\repository\commons-io\commons-io\2.15.0\commons-io-2.15.0.jar;C:\Users\Elisetty Ravi Sankar\.m2\repository\com\zaxxer\SparseBitSet\1.3\SparseBitSet-1.3.jar;C:\Users\Elisetty Ravi Sankar\.m2\repository\org\apache\poi\poi-ooxml\5.2.5\poi-ooxml-5.2.5.jar;C:\Users\Elisetty Ravi Sankar\.m2\repository\org\apache\poi\poi-ooxml-lite\5.2.5\poi-ooxml-lite-5.2.5.jar;C:\Users\Elisetty Ravi Sankar\.m2\repository\org\apache\xmlbeans\xmlbeans\5.2.0\xmlbeans-5.2.0.jar;C:\Users\Elisetty Ravi Sankar\.m2\repository\org\apache\commons\commons-compress\1.25.0\commons-compress-1.25.0.jar;C:\Users\Elisetty Ravi Sankar\.m2\repository\com\github\virtuald\curvesapi\1.08\curvesapi-1.08.jar;C:\Users\Elisetty Ravi Sankar\.m2\repository\org\apache\logging\log4j\log4j-api\2.22.1\log4j-api-2.22.1.jar;C:\Users\Elisetty Ravi Sankar\.m2\repository\org\apache\logging\log4j\log4j-core\2.22.1\log4j-core-2.22.1.jar;"/>
    <property name="sun.cpu.endian" value="little"/>
    <property name="user.home" value="C:\Users\Elisetty Ravi Sankar"/>
    <property name="user.language" value="en"/>
    <property name="java.specification.vendor" value="Oracle Corporation"/>
    <property name="java.version.date" value="2024-01-16"/>
    <property name="java.home" value="C:\Program Files\jdk-21.0.2"/>
    <property name="file.separator" value="\"/>
    <property name="basedir" value="C:\Users\Elisetty Ravi Sankar\RestAssuredTraining\PetStoreAutomation"/>
    <property name="java.vm.compressedOopsMode" value="Zero based"/>
    <property name="line.separator" value="&#10;"/>
    <property name="java.vm.specification.vendor" value="Oracle Corporation"/>
    <property name="java.specification.name" value="Java Platform API Specification"/>
    <property name="surefire.real.class.path" value="C:\Users\Elisetty Ravi Sankar\AppData\Local\Temp\surefire1205286802397130181\surefirebooter-20240202145733037_3.jar"/>
    <property name="user.script" value=""/>
    <property name="sun.management.compiler" value="HotSpot 64-Bit Tiered Compilers"/>
    <property name="java.runtime.version" value="21.0.2+13-58"/>
    <property name="user.name" value="Elisetty Ravi Sankar"/>
    <property name="stdout.encoding" value="Cp1252"/>
    <property name="path.separator" value=";"/>
    <property name="os.version" value="10.0"/>
    <property name="java.runtime.name" value="OpenJDK Runtime Environment"/>
    <property name="file.encoding" value="UTF-8"/>
    <property name="java.vm.name" value="OpenJDK 64-Bit Server VM"/>
    <property name="localRepository" value="C:\Users\Elisetty Ravi Sankar\.m2\repository"/>
    <property name="java.vendor.url.bug" value="https://bugreport.java.com/bugreport/"/>
    <property name="java.io.tmpdir" value="C:\Users\ELISET~1\AppData\Local\Temp\"/>
    <property name="java.version" value="21.0.2"/>
    <property name="user.dir" value="C:\Users\Elisetty Ravi Sankar\RestAssuredTraining\PetStoreAutomation"/>
    <property name="os.arch" value="amd64"/>
    <property name="java.vm.specification.name" value="Java Virtual Machine Specification"/>
    <property name="sun.os.patch.level" value=""/>
    <property name="native.encoding" value="Cp1252"/>
    <property name="java.library.path" value="C:\Program Files\jdk-21.0.2\bin;C:\windows\Sun\Java\bin;C:\windows\system32;C:\windows;C:\windows\system32;C:\windows;C:\windows\System32\Wbem;C:\windows\System32\WindowsPowerShell\v1.0\;C:\windows\System32\OpenSSH\;C:\Program Files\dotnet\;C:\Program Files\nodejs\;C:\Program Files\Git\cmd;C:\Program Files\nodejs\node_modules;C:\apache-maven-3.9.6\bin;C:\Program Files\jdk-21.0.2\bin;C:\Users\Elisetty Ravi Sankar\AppData\Local\Microsoft\WindowsApps;C:\Users\Elisetty Ravi Sankar\AppData\Roaming\npm;C:\Users\Elisetty Ravi Sankar\AppData\Local\Programs\Microsoft VS Code\bin;."/>
    <property name="java.vm.info" value="mixed mode, sharing"/>
    <property name="stderr.encoding" value="Cp1252"/>
    <property name="java.vendor" value="Oracle Corporation"/>
    <property name="java.vm.version" value="21.0.2+13-58"/>
    <property name="sun.io.unicode.encoding" value="UnicodeLittle"/>
    <property name="java.class.version" value="65.0"/>
  </properties>
  <testcase name="testPostUser" classname="api.test.UserTests" time="2.799">
    <system-out><![CDATA[DEBUG StatusConsoleListener Apache Log4j Core 2.22 initializing configuration XmlConfiguration[location=C:\Users\Elisetty Ravi Sankar\RestAssuredTraining\PetStoreAutomation\target\test-classes\log4j2.xml]
DEBUG StatusConsoleListener PluginManager 'Core' found 131 plugins
DEBUG StatusConsoleListener PluginManager 'Level' found 0 plugins
DEBUG StatusConsoleListener PluginManager 'Lookup' found 16 plugins
DEBUG StatusConsoleListener Building Plugin[name=layout, class=org.apache.logging.log4j.core.layout.PatternLayout].
DEBUG StatusConsoleListener PluginManager 'TypeConverter' found 26 plugins
DEBUG StatusConsoleListener PatternLayout$Builder(pattern="%d{HH:mm:ss.SSS} [%t] %-5level %logger{36} - %msg%n", PatternSelector=null, Configuration(C:\Users\Elisetty Ravi Sankar\RestAssuredTraining\PetStoreAutomation\target\test-classes\log4j2.xml), Replace=null, charset="null", alwaysWriteExceptions="null", disableAnsi="null", noConsoleNoAnsi="null", header="null", footer="null")
DEBUG StatusConsoleListener PluginManager 'Converter' found 45 plugins
DEBUG StatusConsoleListener Building Plugin[name=appender, class=org.apache.logging.log4j.core.appender.ConsoleAppender].
DEBUG StatusConsoleListener ConsoleAppender$Builder(target="SYSTEM_OUT", follow="null", direct="null", bufferedIo="null", bufferSize="null", immediateFlush="null", ignoreExceptions="null", PatternLayout(%d{HH:mm:ss.SSS} [%t] %-5level %logger{36} - %msg%n), name="LogToConsole", Configuration(C:\Users\Elisetty Ravi Sankar\RestAssuredTraining\PetStoreAutomation\target\test-classes\log4j2.xml), Filter=null, ={})
DEBUG StatusConsoleListener Starting OutputStreamManager SYSTEM_OUT.false.false
DEBUG StatusConsoleListener Building Plugin[name=layout, class=org.apache.logging.log4j.core.layout.PatternLayout].
DEBUG StatusConsoleListener PatternLayout$Builder(pattern="%d %p %c{1.} [%t] %m%n", PatternSelector=null, Configuration(C:\Users\Elisetty Ravi Sankar\RestAssuredTraining\PetStoreAutomation\target\test-classes\log4j2.xml), Replace=null, charset="null", alwaysWriteExceptions="null", disableAnsi="null", noConsoleNoAnsi="null", header="null", footer="null")
DEBUG StatusConsoleListener Building Plugin[name=appender, class=org.apache.logging.log4j.core.appender.FileAppender].
DEBUG StatusConsoleListener FileAppender$Builder(fileName="logs", append="null", locking="null", advertise="null", advertiseUri="null", createOnDemand="null", filePermissions="null", fileOwner="null", fileGroup="null", bufferedIo="null", bufferSize="null", immediateFlush="null", ignoreExceptions="null", PatternLayout(%d %p %c{1.} [%t] %m%n), name="LogToFile", Configuration(C:\Users\Elisetty Ravi Sankar\RestAssuredTraining\PetStoreAutomation\target\test-classes\log4j2.xml), Filter=null, ={})
ERROR StatusConsoleListener FileManager (logs) java.io.FileNotFoundException: logs (Access is denied)
 java.io.FileNotFoundException: logs (Access is denied)
	at java.base/java.io.FileOutputStream.open0(Native Method)
	at java.base/java.io.FileOutputStream.open(FileOutputStream.java:289)
	at java.base/java.io.FileOutputStream.<init>(FileOutputStream.java:230)
	at org.apache.logging.log4j.core.appender.FileManager$FileManagerFactory.createManager(FileManager.java:508)
	at org.apache.logging.log4j.core.appender.FileManager$FileManagerFactory.createManager(FileManager.java:488)
	at org.apache.logging.log4j.core.appender.AbstractManager.getManager(AbstractManager.java:146)
	at org.apache.logging.log4j.core.appender.OutputStreamManager.getManager(OutputStreamManager.java:112)
	at org.apache.logging.log4j.core.appender.FileManager.getFileManager(FileManager.java:225)
	at org.apache.logging.log4j.core.appender.FileAppender$Builder.build(FileAppender.java:102)
	at org.apache.logging.log4j.core.appender.FileAppender$Builder.build(FileAppender.java:55)
	at org.apache.logging.log4j.core.config.plugins.util.PluginBuilder.build(PluginBuilder.java:124)
	at org.apache.logging.log4j.core.config.AbstractConfiguration.createPluginObject(AbstractConfiguration.java:1162)
	at org.apache.logging.log4j.core.config.AbstractConfiguration.createConfiguration(AbstractConfiguration.java:1083)
	at org.apache.logging.log4j.core.config.AbstractConfiguration.createConfiguration(AbstractConfiguration.java:1075)
	at org.apache.logging.log4j.core.config.AbstractConfiguration.doConfigure(AbstractConfiguration.java:679)
	at org.apache.logging.log4j.core.config.AbstractConfiguration.initialize(AbstractConfiguration.java:264)
	at org.apache.logging.log4j.core.config.AbstractConfiguration.start(AbstractConfiguration.java:313)
	at org.apache.logging.log4j.core.LoggerContext.setConfiguration(LoggerContext.java:631)
	at org.apache.logging.log4j.core.LoggerContext.reconfigure(LoggerContext.java:713)
	at org.apache.logging.log4j.core.LoggerContext.reconfigure(LoggerContext.java:735)
	at org.apache.logging.log4j.core.LoggerContext.start(LoggerContext.java:260)
	at org.apache.logging.log4j.core.impl.Log4jContextFactory.getContext(Log4jContextFactory.java:154)
	at org.apache.logging.log4j.core.impl.Log4jContextFactory.getContext(Log4jContextFactory.java:46)
	at org.apache.logging.log4j.LogManager.getContext(LogManager.java:197)
	at org.apache.logging.log4j.LogManager.getLogger(LogManager.java:611)
	at api.test.UserTests.setupData(UserTests.java:38)
	at java.base/jdk.internal.reflect.DirectMethodHandleAccessor.invoke(DirectMethodHandleAccessor.java:103)
	at java.base/java.lang.reflect.Method.invoke(Method.java:580)
	at org.testng.internal.invokers.MethodInvocationHelper.invokeMethod(MethodInvocationHelper.java:139)
	at org.testng.internal.invokers.MethodInvocationHelper.invokeMethodConsideringTimeout(MethodInvocationHelper.java:69)
	at org.testng.internal.invokers.ConfigInvoker.invokeConfigurationMethod(ConfigInvoker.java:393)
	at org.testng.internal.invokers.ConfigInvoker.invokeConfigurations(ConfigInvoker.java:326)
	at org.testng.internal.invokers.TestMethodWorker.invokeBeforeClassMethods(TestMethodWorker.java:180)
	at org.testng.internal.invokers.TestMethodWorker.run(TestMethodWorker.java:122)
	at java.base/java.util.ArrayList.forEach(ArrayList.java:1596)
	at org.testng.TestRunner.privateRun(TestRunner.java:819)
	at org.testng.TestRunner.run(TestRunner.java:619)
	at org.testng.SuiteRunner.runTest(SuiteRunner.java:443)
	at org.testng.SuiteRunner.runSequentially(SuiteRunner.java:437)
	at org.testng.SuiteRunner.privateRun(SuiteRunner.java:397)
	at org.testng.SuiteRunner.run(SuiteRunner.java:336)
	at org.testng.SuiteRunnerWorker.runSuite(SuiteRunnerWorker.java:52)
	at org.testng.SuiteRunnerWorker.run(SuiteRunnerWorker.java:95)
	at org.testng.TestNG.runSuitesSequentially(TestNG.java:1301)
	at org.testng.TestNG.runSuitesLocally(TestNG.java:1228)
	at org.testng.TestNG.runSuites(TestNG.java:1134)
	at org.testng.TestNG.run(TestNG.java:1101)
	at org.apache.maven.surefire.testng.TestNGExecutor.run(TestNGExecutor.java:308)
	at org.apache.maven.surefire.testng.TestNGXmlTestSuite.execute(TestNGXmlTestSuite.java:71)
	at org.apache.maven.surefire.testng.TestNGProvider.invoke(TestNGProvider.java:113)
	at org.apache.maven.surefire.booter.ForkedBooter.runSuitesInProcess(ForkedBooter.java:385)
	at org.apache.maven.surefire.booter.ForkedBooter.execute(ForkedBooter.java:162)
	at org.apache.maven.surefire.booter.ForkedBooter.run(ForkedBooter.java:507)
	at org.apache.maven.surefire.booter.ForkedBooter.main(ForkedBooter.java:495)
ERROR StatusConsoleListener Could not create plugin of type class org.apache.logging.log4j.core.appender.FileAppender for element File: java.lang.IllegalStateException: ManagerFactory [org.apache.logging.log4j.core.appender.FileManager$FileManagerFactory@3e05586b] unable to create manager for [logs] with data [org.apache.logging.log4j.core.appender.FileManager$FactoryData@35b17c06]
 java.lang.IllegalStateException: ManagerFactory [org.apache.logging.log4j.core.appender.FileManager$FileManagerFactory@3e05586b] unable to create manager for [logs] with data [org.apache.logging.log4j.core.appender.FileManager$FactoryData@35b17c06]
	at org.apache.logging.log4j.core.appender.AbstractManager.getManager(AbstractManager.java:148)
	at org.apache.logging.log4j.core.appender.OutputStreamManager.getManager(OutputStreamManager.java:112)
	at org.apache.logging.log4j.core.appender.FileManager.getFileManager(FileManager.java:225)
	at org.apache.logging.log4j.core.appender.FileAppender$Builder.build(FileAppender.java:102)
	at org.apache.logging.log4j.core.appender.FileAppender$Builder.build(FileAppender.java:55)
	at org.apache.logging.log4j.core.config.plugins.util.PluginBuilder.build(PluginBuilder.java:124)
	at org.apache.logging.log4j.core.config.AbstractConfiguration.createPluginObject(AbstractConfiguration.java:1162)
	at org.apache.logging.log4j.core.config.AbstractConfiguration.createConfiguration(AbstractConfiguration.java:1083)
	at org.apache.logging.log4j.core.config.AbstractConfiguration.createConfiguration(AbstractConfiguration.java:1075)
	at org.apache.logging.log4j.core.config.AbstractConfiguration.doConfigure(AbstractConfiguration.java:679)
	at org.apache.logging.log4j.core.config.AbstractConfiguration.initialize(AbstractConfiguration.java:264)
	at org.apache.logging.log4j.core.config.AbstractConfiguration.start(AbstractConfiguration.java:313)
	at org.apache.logging.log4j.core.LoggerContext.setConfiguration(LoggerContext.java:631)
	at org.apache.logging.log4j.core.LoggerContext.reconfigure(LoggerContext.java:713)
	at org.apache.logging.log4j.core.LoggerContext.reconfigure(LoggerContext.java:735)
	at org.apache.logging.log4j.core.LoggerContext.start(LoggerContext.java:260)
	at org.apache.logging.log4j.core.impl.Log4jContextFactory.getContext(Log4jContextFactory.java:154)
	at org.apache.logging.log4j.core.impl.Log4jContextFactory.getContext(Log4jContextFactory.java:46)
	at org.apache.logging.log4j.LogManager.getContext(LogManager.java:197)
	at org.apache.logging.log4j.LogManager.getLogger(LogManager.java:611)
	at api.test.UserTests.setupData(UserTests.java:38)
	at java.base/jdk.internal.reflect.DirectMethodHandleAccessor.invoke(DirectMethodHandleAccessor.java:103)
	at java.base/java.lang.reflect.Method.invoke(Method.java:580)
	at org.testng.internal.invokers.MethodInvocationHelper.invokeMethod(MethodInvocationHelper.java:139)
	at org.testng.internal.invokers.MethodInvocationHelper.invokeMethodConsideringTimeout(MethodInvocationHelper.java:69)
	at org.testng.internal.invokers.ConfigInvoker.invokeConfigurationMethod(ConfigInvoker.java:393)
	at org.testng.internal.invokers.ConfigInvoker.invokeConfigurations(ConfigInvoker.java:326)
	at org.testng.internal.invokers.TestMethodWorker.invokeBeforeClassMethods(TestMethodWorker.java:180)
	at org.testng.internal.invokers.TestMethodWorker.run(TestMethodWorker.java:122)
	at java.base/java.util.ArrayList.forEach(ArrayList.java:1596)
	at org.testng.TestRunner.privateRun(TestRunner.java:819)
	at org.testng.TestRunner.run(TestRunner.java:619)
	at org.testng.SuiteRunner.runTest(SuiteRunner.java:443)
	at org.testng.SuiteRunner.runSequentially(SuiteRunner.java:437)
	at org.testng.SuiteRunner.privateRun(SuiteRunner.java:397)
	at org.testng.SuiteRunner.run(SuiteRunner.java:336)
	at org.testng.SuiteRunnerWorker.runSuite(SuiteRunnerWorker.java:52)
	at org.testng.SuiteRunnerWorker.run(SuiteRunnerWorker.java:95)
	at org.testng.TestNG.runSuitesSequentially(TestNG.java:1301)
	at org.testng.TestNG.runSuitesLocally(TestNG.java:1228)
	at org.testng.TestNG.runSuites(TestNG.java:1134)
	at org.testng.TestNG.run(TestNG.java:1101)
	at org.apache.maven.surefire.testng.TestNGExecutor.run(TestNGExecutor.java:308)
	at org.apache.maven.surefire.testng.TestNGXmlTestSuite.execute(TestNGXmlTestSuite.java:71)
	at org.apache.maven.surefire.testng.TestNGProvider.invoke(TestNGProvider.java:113)
	at org.apache.maven.surefire.booter.ForkedBooter.runSuitesInProcess(ForkedBooter.java:385)
	at org.apache.maven.surefire.booter.ForkedBooter.execute(ForkedBooter.java:162)
	at org.apache.maven.surefire.booter.ForkedBooter.run(ForkedBooter.java:507)
	at org.apache.maven.surefire.booter.ForkedBooter.main(ForkedBooter.java:495)
ERROR StatusConsoleListener Unable to invoke factory method in class org.apache.logging.log4j.core.appender.FileAppender for element File: java.lang.IllegalStateException: No factory method found for class org.apache.logging.log4j.core.appender.FileAppender
 java.lang.IllegalStateException: No factory method found for class org.apache.logging.log4j.core.appender.FileAppender
	at org.apache.logging.log4j.core.config.plugins.util.PluginBuilder.findFactoryMethod(PluginBuilder.java:268)
	at org.apache.logging.log4j.core.config.plugins.util.PluginBuilder.build(PluginBuilder.java:140)
	at org.apache.logging.log4j.core.config.AbstractConfiguration.createPluginObject(AbstractConfiguration.java:1162)
	at org.apache.logging.log4j.core.config.AbstractConfiguration.createConfiguration(AbstractConfiguration.java:1083)
	at org.apache.logging.log4j.core.config.AbstractConfiguration.createConfiguration(AbstractConfiguration.java:1075)
	at org.apache.logging.log4j.core.config.AbstractConfiguration.doConfigure(AbstractConfiguration.java:679)
	at org.apache.logging.log4j.core.config.AbstractConfiguration.initialize(AbstractConfiguration.java:264)
	at org.apache.logging.log4j.core.config.AbstractConfiguration.start(AbstractConfiguration.java:313)
	at org.apache.logging.log4j.core.LoggerContext.setConfiguration(LoggerContext.java:631)
	at org.apache.logging.log4j.core.LoggerContext.reconfigure(LoggerContext.java:713)
	at org.apache.logging.log4j.core.LoggerContext.reconfigure(LoggerContext.java:735)
	at org.apache.logging.log4j.core.LoggerContext.start(LoggerContext.java:260)
	at org.apache.logging.log4j.core.impl.Log4jContextFactory.getContext(Log4jContextFactory.java:154)
	at org.apache.logging.log4j.core.impl.Log4jContextFactory.getContext(Log4jContextFactory.java:46)
	at org.apache.logging.log4j.LogManager.getContext(LogManager.java:197)
	at org.apache.logging.log4j.LogManager.getLogger(LogManager.java:611)
	at api.test.UserTests.setupData(UserTests.java:38)
	at java.base/jdk.internal.reflect.DirectMethodHandleAccessor.invoke(DirectMethodHandleAccessor.java:103)
	at java.base/java.lang.reflect.Method.invoke(Method.java:580)
	at org.testng.internal.invokers.MethodInvocationHelper.invokeMethod(MethodInvocationHelper.java:139)
	at org.testng.internal.invokers.MethodInvocationHelper.invokeMethodConsideringTimeout(MethodInvocationHelper.java:69)
	at org.testng.internal.invokers.ConfigInvoker.invokeConfigurationMethod(ConfigInvoker.java:393)
	at org.testng.internal.invokers.ConfigInvoker.invokeConfigurations(ConfigInvoker.java:326)
	at org.testng.internal.invokers.TestMethodWorker.invokeBeforeClassMethods(TestMethodWorker.java:180)
	at org.testng.internal.invokers.TestMethodWorker.run(TestMethodWorker.java:122)
	at java.base/java.util.ArrayList.forEach(ArrayList.java:1596)
	at org.testng.TestRunner.privateRun(TestRunner.java:819)
	at org.testng.TestRunner.run(TestRunner.java:619)
	at org.testng.SuiteRunner.runTest(SuiteRunner.java:443)
	at org.testng.SuiteRunner.runSequentially(SuiteRunner.java:437)
	at org.testng.SuiteRunner.privateRun(SuiteRunner.java:397)
	at org.testng.SuiteRunner.run(SuiteRunner.java:336)
	at org.testng.SuiteRunnerWorker.runSuite(SuiteRunnerWorker.java:52)
	at org.testng.SuiteRunnerWorker.run(SuiteRunnerWorker.java:95)
	at org.testng.TestNG.runSuitesSequentially(TestNG.java:1301)
	at org.testng.TestNG.runSuitesLocally(TestNG.java:1228)
	at org.testng.TestNG.runSuites(TestNG.java:1134)
	at org.testng.TestNG.run(TestNG.java:1101)
	at org.apache.maven.surefire.testng.TestNGExecutor.run(TestNGExecutor.java:308)
	at org.apache.maven.surefire.testng.TestNGXmlTestSuite.execute(TestNGXmlTestSuite.java:71)
	at org.apache.maven.surefire.testng.TestNGProvider.invoke(TestNGProvider.java:113)
	at org.apache.maven.surefire.booter.ForkedBooter.runSuitesInProcess(ForkedBooter.java:385)
	at org.apache.maven.surefire.booter.ForkedBooter.execute(ForkedBooter.java:162)
	at org.apache.maven.surefire.booter.ForkedBooter.run(ForkedBooter.java:507)
	at org.apache.maven.surefire.booter.ForkedBooter.main(ForkedBooter.java:495)
DEBUG StatusConsoleListener Building Plugin[name=appenders, class=org.apache.logging.log4j.core.config.AppendersPlugin].
ERROR StatusConsoleListener Null object returned for File in Appenders.
DEBUG StatusConsoleListener createAppenders(={LogToConsole, })
DEBUG StatusConsoleListener Building Plugin[name=AppenderRef, class=org.apache.logging.log4j.core.config.AppenderRef].
DEBUG StatusConsoleListener createAppenderRef(ref="LogToFile", level="null", Filter=null)
DEBUG StatusConsoleListener Building Plugin[name=AppenderRef, class=org.apache.logging.log4j.core.config.AppenderRef].
DEBUG StatusConsoleListener createAppenderRef(ref="LogToConsole", level="null", Filter=null)
DEBUG StatusConsoleListener Building Plugin[name=logger, class=org.apache.logging.log4j.core.config.LoggerConfig].
DEBUG StatusConsoleListener LoggerConfig$Builder(additivity="false", level="DEBUG", levelAndRefs="null", name="com.mkyong", includeLocation="null", ={LogToFile, LogToConsole}, ={}, Configuration(C:\Users\Elisetty Ravi Sankar\RestAssuredTraining\PetStoreAutomation\target\test-classes\log4j2.xml), Filter=null)
DEBUG StatusConsoleListener Building Plugin[name=AppenderRef, class=org.apache.logging.log4j.core.config.AppenderRef].
DEBUG StatusConsoleListener createAppenderRef(ref="LogToConsole", level="null", Filter=null)
DEBUG StatusConsoleListener Building Plugin[name=logger, class=org.apache.logging.log4j.core.config.LoggerConfig].
DEBUG StatusConsoleListener LoggerConfig$Builder(additivity="false", level="ERROR", levelAndRefs="null", name="org.springframework.boot", includeLocation="null", ={LogToConsole}, ={}, Configuration(C:\Users\Elisetty Ravi Sankar\RestAssuredTraining\PetStoreAutomation\target\test-classes\log4j2.xml), Filter=null)
DEBUG StatusConsoleListener Building Plugin[name=AppenderRef, class=org.apache.logging.log4j.core.config.AppenderRef].
DEBUG StatusConsoleListener createAppenderRef(ref="LogToFile", level="null", Filter=null)
DEBUG StatusConsoleListener Building Plugin[name=AppenderRef, class=org.apache.logging.log4j.core.config.AppenderRef].
DEBUG StatusConsoleListener createAppenderRef(ref="LogToConsole", level="null", Filter=null)
DEBUG StatusConsoleListener Building Plugin[name=root, class=org.apache.logging.log4j.core.config.LoggerConfig$RootLogger].
DEBUG StatusConsoleListener LoggerConfig$RootLogger$Builder(additivity="null", level="ERROR", levelAndRefs="null", includeLocation="null", ={LogToFile, LogToConsole}, ={}, Configuration(C:\Users\Elisetty Ravi Sankar\RestAssuredTraining\PetStoreAutomation\target\test-classes\log4j2.xml), Filter=null)
DEBUG StatusConsoleListener Building Plugin[name=loggers, class=org.apache.logging.log4j.core.config.LoggersPlugin].
DEBUG StatusConsoleListener createLoggers(={com.mkyong, org.springframework.boot, root})
ERROR StatusConsoleListener Unable to locate appender "LogToFile" for logger config "root"
ERROR StatusConsoleListener Unable to locate appender "LogToFile" for logger config "com.mkyong"
DEBUG StatusConsoleListener Configuration XmlConfiguration[location=C:\Users\Elisetty Ravi Sankar\RestAssuredTraining\PetStoreAutomation\target\test-classes\log4j2.xml] initialized
DEBUG StatusConsoleListener Starting configuration XmlConfiguration[location=C:\Users\Elisetty Ravi Sankar\RestAssuredTraining\PetStoreAutomation\target\test-classes\log4j2.xml]
DEBUG StatusConsoleListener Started configuration XmlConfiguration[location=C:\Users\Elisetty Ravi Sankar\RestAssuredTraining\PetStoreAutomation\target\test-classes\log4j2.xml] OK.
DEBUG StatusConsoleListener Shutting down OutputStreamManager SYSTEM_OUT.false.false-1
DEBUG StatusConsoleListener OutputStream closed
DEBUG StatusConsoleListener Shut down OutputStreamManager SYSTEM_OUT.false.false-1, all resources released: true
DEBUG StatusConsoleListener Appender DefaultConsole-1 stopped with status true
DEBUG StatusConsoleListener Stopped org.apache.logging.log4j.core.config.DefaultConfiguration@2e3572e8 OK
DEBUG StatusConsoleListener Registering MBean org.apache.logging.log4j2:type=70dea4e
DEBUG StatusConsoleListener Registering MBean org.apache.logging.log4j2:type=70dea4e,component=StatusLogger
DEBUG StatusConsoleListener Registering MBean org.apache.logging.log4j2:type=70dea4e,component=ContextSelector
DEBUG StatusConsoleListener Registering MBean org.apache.logging.log4j2:type=70dea4e,component=Loggers,name=org.springframework.boot
DEBUG StatusConsoleListener Registering MBean org.apache.logging.log4j2:type=70dea4e,component=Loggers,name=
DEBUG StatusConsoleListener Registering MBean org.apache.logging.log4j2:type=70dea4e,component=Loggers,name=com.mkyong
DEBUG StatusConsoleListener Registering MBean org.apache.logging.log4j2:type=70dea4e,component=Appenders,name=LogToConsole
DEBUG StatusConsoleListener org.apache.logging.log4j.core.util.SystemClock supports precise timestamps.
DEBUG StatusConsoleListener Reconfiguration complete for context[name=70dea4e] at URI C:\Users\Elisetty Ravi Sankar\RestAssuredTraining\PetStoreAutomation\target\test-classes\log4j2.xml (org.apache.logging.log4j.core.LoggerContext@4aa31ffc) with optional ClassLoader: null
DEBUG StatusConsoleListener Shutdown hook enabled. Registering a new one.
DEBUG StatusConsoleListener LoggerContext[name=70dea4e, org.apache.logging.log4j.core.LoggerContext@4aa31ffc] started OK.
HTTP/1.1 200 OK
Date: Fri, 02 Feb 2024 09:27:36 GMT
Content-Type: application/json
Transfer-Encoding: chunked
Connection: keep-alive
Access-Control-Allow-Origin: *
Access-Control-Allow-Methods: GET, POST, DELETE, PUT
Access-Control-Allow-Headers: Content-Type, api_key, Authorization
Server: Jetty(9.2.9.v20150224)

{
    "code": 200,
    "type": "unknown",
    "message": "707161353"
}
]]></system-out>
    <system-err><![CDATA[SLF4J: Failed to load class "org.slf4j.impl.StaticLoggerBinder".
SLF4J: Defaulting to no-operation (NOP) logger implementation
SLF4J: See http://www.slf4j.org/codes.html#StaticLoggerBinder for further details.
]]></system-err>
  </testcase>
  <testcase name="testGetUserByName" classname="api.test.UserTests" time="1.163">
    <system-out><![CDATA[HTTP/1.1 200 OK
Date: Fri, 02 Feb 2024 09:27:37 GMT
Content-Type: application/json
Transfer-Encoding: chunked
Connection: keep-alive
Access-Control-Allow-Origin: *
Access-Control-Allow-Methods: GET, POST, DELETE, PUT
Access-Control-Allow-Headers: Content-Type, api_key, Authorization
Server: Jetty(9.2.9.v20150224)

{
    "id": 707161353,
    "username": "delorse.shields",
    "firstName": "Jolyn",
    "lastName": "Crooks",
    "email": "noble.von@hotmail.com",
    "phone": "1-682-522-1656",
    "userStatus": 0
}
]]></system-out>
  </testcase>
  <testcase name="testUpdateUserByName" classname="api.test.UserTests" time="1.103">
    <system-out><![CDATA[HTTP/1.1 200 OK
Date: Fri, 02 Feb 2024 09:27:38 GMT
Content-Type: application/json
Transfer-Encoding: chunked
Connection: keep-alive
Access-Control-Allow-Origin: *
Access-Control-Allow-Methods: GET, POST, DELETE, PUT
Access-Control-Allow-Headers: Content-Type, api_key, Authorization
Server: Jetty(9.2.9.v20150224)

{
    "code": 200,
    "type": "unknown",
    "message": "707161353"
}
]]></system-out>
  </testcase>
  <testcase name="testDeleteUserByName" classname="api.test.UserTests" time="1.167"/>
</testsuite>