<?xml version="1.0" encoding="UTF-8"?>
<!-- Generated by org.testng.reporters.JUnitReportReporter -->
<testsuite hostname="DESKTOP-FT0BVUO" failures="0" tests="6" name="api.test.DDTests" time="8.404" errors="0" timestamp="2024-02-01T19:28:36 IST" skipped="0">
  <testcase classname="api.test.DDTests" name="testPostUser" time="2.666"/>
  <testcase classname="api.test.DDTests" name="testPostUser" time="1.120"/>
  <testcase classname="api.test.DDTests" name="testPostUser" time="1.169"/>
  <testcase classname="api.test.DDTests" name="testDeleteUserByName" time="1.145"/>
  <testcase classname="api.test.DDTests" name="testDeleteUserByName" time="1.140"/>
  <testcase classname="api.test.DDTests" name="testDeleteUserByName" time="1.164"/>
</testsuite> <!-- api.test.DDTests -->
