<?xml version="1.0" encoding="UTF-8"?>
<!-- Generated by org.testng.reporters.JUnitReportReporter -->
<testsuite hostname="DESKTOP-FT0BVUO" failures="0" tests="4" name="api.test.UserTests" time="6.419" errors="0" timestamp="2024-02-02T12:21:25 IST" skipped="0">
  <testcase classname="api.test.UserTests" name="testPostUser" time="2.939"/>
  <testcase classname="api.test.UserTests" name="testGetUserByName" time="1.177"/>
  <testcase classname="api.test.UserTests" name="testUpdateUserByName" time="1.153"/>
  <testcase classname="api.test.UserTests" name="testDeleteUserByName" time="1.150"/>
</testsuite> <!-- api.test.UserTests -->
