<?xml version="1.0" encoding="UTF-8"?>
<!-- Generated by org.testng.reporters.JUnitReportReporter -->
<testsuite hostname="DESKTOP-FT0BVUO" failures="0" tests="6" name="api.test.DDTests" time="9.552" errors="0" timestamp="2024-02-02T12:35:14 IST" skipped="0">
  <testcase classname="api.test.DDTests" name="testPostUser" time="1.175"/>
  <testcase classname="api.test.DDTests" name="testPostUser" time="3.654"/>
  <testcase classname="api.test.DDTests" name="testPostUser" time="1.188"/>
  <testcase classname="api.test.DDTests" name="testDeleteUserByName" time="1.137"/>
  <testcase classname="api.test.DDTests" name="testDeleteUserByName" time="1.217"/>
  <testcase classname="api.test.DDTests" name="testDeleteUserByName" time="1.181"/>
</testsuite> <!-- api.test.DDTests -->
